[bhaswanth-vehiclerentalsystem.netlify.app/index.html]
[backblue.gif]
[fade.gif]
[index.html]
[unpkg.com/swiper@7.4.1/swiper-bundle.min.css]
[cdnjs.cloudflare.com/ajax/libs/font-awesome/4.7.0/css/font-awesome.min.css]
[cdnjs.cloudflare.com/ajax/libs/font-awesome/5.15.4/css/all.min.css]
[bhaswanth-vehiclerentalsystem.netlify.app/style.css]
[bhaswanth-vehiclerentalsystem.netlify.app/loginpage.html]
[bhaswanth-vehiclerentalsystem.netlify.app/payment.jpg]
[bhaswanth-vehiclerentalsystem.netlify.app/pickdrop.jpg]
[bhaswanth-vehiclerentalsystem.netlify.app/custcare.png]
[bhaswanth-vehiclerentalsystem.netlify.app/ironman.jpg]
[bhaswanth-vehiclerentalsystem.netlify.app/spider.jpg]
[bhaswanth-vehiclerentalsystem.netlify.app/hulk.jpg]
[unpkg.com/swiper@7.4.1/swiper-bundle.min.js]
[bhaswanth-vehiclerentalsystem.netlify.app/script.js]
[bhaswanth-vehiclerentalsystem.netlify.app/index.html]
[unpkg.com/swiper@7.4.1/swiper-bundle.min.css]
[cdnjs.cloudflare.com/ajax/libs/font-awesome/4.7.0/css/font-awesome.min.css]
[cdnjs.cloudflare.com/ajax/libs/font-awesome/5.15.4/css/all.min.css]
[bhaswanth-vehiclerentalsystem.netlify.app/carent-3.jpg]
[bhaswanth-vehiclerentalsystem.netlify.app/style.css]
[bhaswanth-vehiclerentalsystem.netlify.app/abc.css]
[bhaswanth-vehiclerentalsystem.netlify.app/loginadmin.html]
[bhaswanth-vehiclerentalsystem.netlify.app/loginvendor.html]
[code.jquery.com/jquery-3.3.1.min.js]
[bhaswanth-vehiclerentalsystem.netlify.app/abc.js]
[bhaswanth-vehiclerentalsystem.netlify.app/loginpage.html]
[bhaswanth-vehiclerentalsystem.netlify.app/loginbg.jpg]
[bhaswanth-vehiclerentalsystem.netlify.app/abc.css]
[bhaswanth-vehiclerentalsystem.netlify.app/abc1.js]
[bhaswanth-vehiclerentalsystem.netlify.app/loginadmin.html]
[bhaswanth-vehiclerentalsystem.netlify.app/abc2.js]
[bhaswanth-vehiclerentalsystem.netlify.app/loginvendor.html]
